Traceback (most recent call last):
  File "/home/z0272571a@CAMPUS.CSIC.ES/miniconda3/envs/pyTSEB/lib/python3.12/site-packages/jupyter_cache/executors/utils.py", line 58, in single_nb_execution
    executenb(
  File "/home/z0272571a@CAMPUS.CSIC.ES/miniconda3/envs/pyTSEB/lib/python3.12/site-packages/nbclient/client.py", line 1305, in execute
    return NotebookClient(nb=nb, resources=resources, km=km, **kwargs).execute()
           ^^^^^^^^^^^^^^^^^^^^^^^^^^^^^^^^^^^^^^^^^^^^^^^^^^^^^^^^^^^^^^^^^^^^^
  File "/home/z0272571a@CAMPUS.CSIC.ES/miniconda3/envs/pyTSEB/lib/python3.12/site-packages/jupyter_core/utils/__init__.py", line 165, in wrapped
    return loop.run_until_complete(inner)
           ^^^^^^^^^^^^^^^^^^^^^^^^^^^^^^
  File "/home/z0272571a@CAMPUS.CSIC.ES/miniconda3/envs/pyTSEB/lib/python3.12/asyncio/base_events.py", line 684, in run_until_complete
    return future.result()
           ^^^^^^^^^^^^^^^
  File "/home/z0272571a@CAMPUS.CSIC.ES/miniconda3/envs/pyTSEB/lib/python3.12/site-packages/nbclient/client.py", line 705, in async_execute
    await self.async_execute_cell(
  File "/home/z0272571a@CAMPUS.CSIC.ES/miniconda3/envs/pyTSEB/lib/python3.12/site-packages/nbclient/client.py", line 1058, in async_execute_cell
    await self._check_raise_for_error(cell, cell_index, exec_reply)
  File "/home/z0272571a@CAMPUS.CSIC.ES/miniconda3/envs/pyTSEB/lib/python3.12/site-packages/nbclient/client.py", line 914, in _check_raise_for_error
    raise CellExecutionError.from_cell_and_msg(cell, exec_reply_content)
nbclient.exceptions.CellExecutionError: An error occurred while executing the following cell:
------------------
from sympy import symbols, expand
x, y = symbols('x y')
expr = x + 2*y
polynomial = x*expr
------------------


[0;31m---------------------------------------------------------------------------[0m
[0;31mModuleNotFoundError[0m                       Traceback (most recent call last)
Cell [0;32mIn[5], line 1[0m
[0;32m----> 1[0m [38;5;28;01mfrom[39;00m [38;5;21;01msympy[39;00m [38;5;28;01mimport[39;00m symbols, expand
[1;32m      2[0m x, y [38;5;241m=[39m symbols([38;5;124m'[39m[38;5;124mx y[39m[38;5;124m'[39m)
[1;32m      3[0m expr [38;5;241m=[39m x [38;5;241m+[39m [38;5;241m2[39m[38;5;241m*[39my

[0;31mModuleNotFoundError[0m: No module named 'sympy'

